#
# There is insufficient memory for the Java Runtime Environment to continue.
# Native memory allocation (malloc) failed to allocate 516176 bytes for Chunk::new
# Possible reasons:
#   The system is out of physical RAM or swap space
#   In 32 bit mode, the process size limit was hit
# Possible solutions:
#   Reduce memory load on the system
#   Increase physical memory or swap space
#   Check if swap backing store is full
#   Use 64 bit Java on a 64 bit OS
#   Decrease Java heap size (-Xmx/-Xms)
#   Decrease number of Java threads
#   Decrease Java thread stack sizes (-Xss)
#   Set larger code cache with -XX:ReservedCodeCacheSize=
# This output file may be truncated or incomplete.
#
#  Out of Memory Error (allocation.cpp:390), pid=364, tid=0x0000000000003930
#
# JRE version: Java(TM) SE Runtime Environment (8.0_121-b13) (build 1.8.0_121-b13)
# Java VM: Java HotSpot(TM) 64-Bit Server VM (25.121-b13 mixed mode windows-amd64 compressed oops)
# Failed to write core dump. Minidumps are not enabled by default on client versions of Windows
#

---------------  T H R E A D  ---------------

Current thread (0x000000001504d800):  JavaThread "C2 CompilerThread0" daemon [_thread_in_native, id=14640, stack(0x0000000016690000,0x0000000016790000)]

Stack: [0x0000000016690000,0x0000000016790000]
[error occurred during error reporting (printing stack bounds), id 0xc0000005]

Native frames: (J=compiled Java code, j=interpreted, Vv=VM code, C=native code)


Current CompileTask:
C2:   4266 1210       4       com.android.dx.ssa.SCCP::simulateBranch (666 bytes)


---------------  P R O C E S S  ---------------

Java Threads: ( => current thread )
  0x0000000016b2b000 JavaThread "pool-1-thread-4" [_thread_in_Java, id=7092, stack(0x0000000017390000,0x0000000017490000)]
  0x0000000016b26000 JavaThread "pool-1-thread-3" [_thread_in_vm, id=10820, stack(0x0000000017290000,0x0000000017390000)]
  0x0000000016b1a000 JavaThread "pool-1-thread-2" [_thread_in_Java, id=13836, stack(0x0000000017190000,0x0000000017290000)]
  0x0000000016b08800 JavaThread "pool-2-thread-1" [_thread_blocked, id=224, stack(0x0000000017090000,0x0000000017190000)]
  0x0000000016b04000 JavaThread "pool-1-thread-1" [_thread_in_Java, id=18364, stack(0x0000000016f90000,0x0000000017090000)]
  0x00000000168b4000 JavaThread "Service Thread" daemon [_thread_blocked, id=13728, stack(0x0000000016d90000,0x0000000016e90000)]
  0x0000000016898800 JavaThread "C1 CompilerThread2" daemon [_thread_blocked, id=8636, stack(0x0000000016c90000,0x0000000016d90000)]
  0x0000000015050800 JavaThread "C2 CompilerThread1" daemon [_thread_in_native, id=3112, stack(0x0000000016790000,0x0000000016890000)]
=>0x000000001504d800 JavaThread "C2 CompilerThread0" daemon [_thread_in_native, id=14640, stack(0x0000000016690000,0x0000000016790000)]
  0x000000001504b800 JavaThread "Attach Listener" daemon [_thread_blocked, id=13700, stack(0x0000000016590000,0x0000000016690000)]
  0x000000001504a000 JavaThread "Signal Dispatcher" daemon [_thread_blocked, id=13096, stack(0x0000000016490000,0x0000000016590000)]
  0x000000001503a000 JavaThread "Finalizer" daemon [_thread_blocked, id=10584, stack(0x00000000162a0000,0x00000000163a0000)]
  0x0000000002970000 JavaThread "Reference Handler" daemon [_thread_blocked, id=12156, stack(0x00000000161a0000,0x00000000162a0000)]
  0x000000000267d800 JavaThread "main" [_thread_in_vm, id=1484, stack(0x0000000002680000,0x0000000002780000)]

Other Threads:
  0x0000000015017800 VMThread [stack: 0x00000000160a0000,0x00000000161a0000] [id=14080]
  0x00000000168b8800 WatcherThread [stack: 0x0000000016e90000,0x0000000016f90000] [id=16052]

VM state:not at safepoint (normal execution)

VM Mutex/Monitor currently owned by a thread: None

Heap:
 PSYoungGen      total 38400K, used 18627K [0x00000000eab00000, 0x00000000ef600000, 0x0000000100000000)
  eden space 33280K, 40% used [0x00000000eab00000,0x00000000eb838868,0x00000000ecb80000)
  from space 5120K, 99% used [0x00000000ecb80000,0x00000000ed078480,0x00000000ed080000)
  to   space 5120K, 0% used [0x00000000ef100000,0x00000000ef100000,0x00000000ef600000)
 ParOldGen       total 87552K, used 1286K [0x00000000c0000000, 0x00000000c5580000, 0x00000000eab00000)
  object space 87552K, 1% used [0x00000000c0000000,0x00000000c0141918,0x00000000c5580000)
 Metaspace       used 6070K, capacity 6968K, committed 7040K, reserved 1056768K
  class space    used 609K, capacity 624K, committed 640K, reserved 1048576K

Card table byte_map: [0x0000000011d40000,0x0000000011f50000] byte_map_base: 0x0000000011740000

Marking Bits: (ParMarkBitMap*) 0x0000000059f9b6d0
 Begin Bits: [0x00000000124b0000, 0x00000000134b0000)
 End Bits:   [0x00000000134b0000, 0x00000000144b0000)

Polling page: 0x0000000000dd0000

CodeCache: size=245760Kb used=5526Kb max_used=5542Kb free=240234Kb
 bounds [0x0000000002980000, 0x0000000002ef0000, 0x0000000011980000]
 total_blobs=1629 nmethods=1366 adapters=176
 compilation: enabled

Compilation events (10 events):
Event: 4.142 Thread 0x0000000016898800 1373   !   3       com.android.dx.rop.code.RegisterSpecSet::put (104 bytes)
Event: 4.143 Thread 0x0000000016898800 nmethod 1373 0x0000000002ed81d0 code [0x0000000002ed8420, 0x0000000002ed93c8]
Event: 4.143 Thread 0x0000000016898800 1370       3       com.android.dx.dex.cf.AttributeTranslator::getExceptions (32 bytes)
Event: 4.144 Thread 0x0000000016898800 nmethod 1370 0x0000000002ed9d50 code [0x0000000002ed9ee0, 0x0000000002eda318]
Event: 4.148 Thread 0x0000000016898800 1374       3       com.android.dx.cf.code.BytecodeArray::size (8 bytes)
Event: 4.148 Thread 0x0000000016898800 nmethod 1374 0x0000000002eda490 code [0x0000000002eda5e0, 0x0000000002eda7d0]
Event: 4.150 Thread 0x0000000016898800 1375       3       com.android.dx.rop.code.SourcePosition::equals (46 bytes)
Event: 4.151 Thread 0x0000000016898800 nmethod 1375 0x0000000002eda890 code [0x0000000002edaa20, 0x0000000002edaf28]
Event: 4.169 Thread 0x0000000016898800 1376       3       com.android.dx.cf.direct.StdAttributeFactory::lineNumberTable (204 bytes)
Event: 4.172 Thread 0x0000000016898800 nmethod 1376 0x0000000002edb010 code [0x0000000002edb4c0, 0x0000000002ede1b8]

GC Heap History (2 events):
Event: 3.781 GC heap before
{Heap before GC invocations=1 (full 0):
 PSYoungGen      total 38400K, used 33280K [0x00000000eab00000, 0x00000000ed580000, 0x0000000100000000)
  eden space 33280K, 100% used [0x00000000eab00000,0x00000000ecb80000,0x00000000ecb80000)
  from space 5120K, 0% used [0x00000000ed080000,0x00000000ed080000,0x00000000ed580000)
  to   space 5120K, 0% used [0x00000000ecb80000,0x00000000ecb80000,0x00000000ed080000)
 ParOldGen       total 87552K, used 0K [0x00000000c0000000, 0x00000000c5580000, 0x00000000eab00000)
  object space 87552K, 0% used [0x00000000c0000000,0x00000000c0000000,0x00000000c5580000)
 Metaspace       used 5916K, capacity 6840K, committed 7040K, reserved 1056768K
  class space    used 609K, capacity 624K, committed 640K, reserved 1048576K
Event: 3.903 GC heap after
Heap after GC invocations=1 (full 0):
 PSYoungGen      total 38400K, used 5089K [0x00000000eab00000, 0x00000000ef600000, 0x0000000100000000)
  eden space 33280K, 0% used [0x00000000eab00000,0x00000000eab00000,0x00000000ecb80000)
  from space 5120K, 99% used [0x00000000ecb80000,0x00000000ed078480,0x00000000ed080000)
  to   space 5120K, 0% used [0x00000000ef100000,0x00000000ef100000,0x00000000ef600000)
 ParOldGen       total 87552K, used 1286K [0x00000000c0000000, 0x00000000c5580000, 0x00000000eab00000)
  object space 87552K, 1% used [0x00000000c0000000,0x00000000c0141918,0x00000000c5580000)
 Metaspace       used 5916K, capacity 6840K, committed 7040K, reserved 1056768K
  class space    used 609K, capacity 624K, committed 640K, reserved 1048576K
}

Deoptimization events (10 events):
Event: 2.304 Thread 0x0000000016b26000 Uncommon trap: reason=unstable_if action=reinterpret pc=0x0000000002ba6d4c method=java.util.HashMap.getNode(ILjava/lang/Object;)Ljava/util/HashMap$Node; @ 62
Event: 3.322 Thread 0x0000000016b26000 Uncommon trap: reason=class_check action=maybe_recompile pc=0x0000000002c9bda4 method=com.android.dx.ssa.NormalSsaInsn.accept(Lcom/android/dx/ssa/SsaInsn$Visitor;)V @ 9
Event: 3.322 Thread 0x0000000016b26000 Uncommon trap: reason=class_check action=maybe_recompile pc=0x0000000002c5ba48 method=com.android.dx.ssa.NormalSsaInsn.accept(Lcom/android/dx/ssa/SsaInsn$Visitor;)V @ 9
Event: 3.322 Thread 0x0000000016b26000 Uncommon trap: reason=class_check action=maybe_recompile pc=0x0000000002c5ba48 method=com.android.dx.ssa.NormalSsaInsn.accept(Lcom/android/dx/ssa/SsaInsn$Visitor;)V @ 9
Event: 3.323 Thread 0x0000000016b26000 Uncommon trap: reason=class_check action=maybe_recompile pc=0x0000000002c5ba48 method=com.android.dx.ssa.NormalSsaInsn.accept(Lcom/android/dx/ssa/SsaInsn$Visitor;)V @ 9
Event: 3.972 Thread 0x0000000016b2b000 Uncommon trap: reason=class_check action=maybe_recompile pc=0x0000000002c9bda4 method=com.android.dx.ssa.NormalSsaInsn.accept(Lcom/android/dx/ssa/SsaInsn$Visitor;)V @ 9
Event: 4.116 Thread 0x0000000016b1a000 Uncommon trap: reason=null_check action=make_not_entrant pc=0x0000000002e916f0 method=com.android.dx.ssa.SsaRenamer.getLocalForNewReg(I)Lcom/android/dx/rop/code/LocalItem; @ 19
Event: 4.140 Thread 0x0000000016b26000 Uncommon trap: reason=unstable_if action=reinterpret pc=0x0000000002dcb96c method=com.android.dx.rop.code.RegisterSpecSet.put(Lcom/android/dx/rop/code/RegisterSpec;)V @ 77
Event: 4.140 Thread 0x0000000016b26000 Uncommon trap: reason=unstable_if action=reinterpret pc=0x0000000002cf5c60 method=com.android.dx.rop.code.RegisterSpecSet.put(Lcom/android/dx/rop/code/RegisterSpec;)V @ 77
Event: 4.168 Thread 0x000000000267d800 Uncommon trap: reason=unloaded action=reinterpret pc=0x0000000002db37e8 method=com.android.dx.cf.cst.ConstantPoolParser.parse0(ILjava/util/BitSet;)Lcom/android/dx/rop/cst/Constant; @ 198

Internal exceptions (3 events):
Event: 0.211 Thread 0x000000000267d800 Exception <a 'java/lang/NoSuchMethodError': Method sun.misc.Unsafe.defineClass(Ljava/lang/String;[BII)Ljava/lang/Class; name or signature does not match> (0x00000000eab07ca8) thrown at [C:\re\workspace\8-2-build-windows-amd64-cygwin\jdk8u121\8372\hotspot\
Event: 0.211 Thread 0x000000000267d800 Exception <a 'java/lang/NoSuchMethodError': Method sun.misc.Unsafe.prefetchRead(Ljava/lang/Object;J)V name or signature does not match> (0x00000000eab07f90) thrown at [C:\re\workspace\8-2-build-windows-amd64-cygwin\jdk8u121\8372\hotspot\src\share\vm\prims
Event: 4.116 Thread 0x0000000016b1a000 Implicit null exception at 0x0000000002e90ba1 to 0x0000000002e916cd

Events (10 events):
Event: 4.117 Thread 0x0000000016b1a000 DEOPT UNPACKING pc=0x00000000029c582a sp=0x000000001728e668 mode 2
Event: 4.140 Thread 0x0000000016b26000 Uncommon trap: trap_request=0xffffff65 fr.pc=0x0000000002dcb96c
Event: 4.140 Thread 0x0000000016b26000 DEOPT PACKING pc=0x0000000002dcb96c sp=0x000000001738e640
Event: 4.140 Thread 0x0000000016b26000 DEOPT UNPACKING pc=0x00000000029c582a sp=0x000000001738e5c8 mode 2
Event: 4.140 Thread 0x0000000016b26000 Uncommon trap: trap_request=0xffffff65 fr.pc=0x0000000002cf5c60
Event: 4.140 Thread 0x0000000016b26000 DEOPT PACKING pc=0x0000000002cf5c60 sp=0x000000001738e630
Event: 4.140 Thread 0x0000000016b26000 DEOPT UNPACKING pc=0x00000000029c582a sp=0x000000001738e550 mode 2
Event: 4.168 Thread 0x000000000267d800 Uncommon trap: trap_request=0x000000d2 fr.pc=0x0000000002db37e8
Event: 4.168 Thread 0x000000000267d800 DEOPT PACKING pc=0x0000000002db37e8 sp=0x000000000277eac0
Event: 4.168 Thread 0x000000000267d800 DEOPT UNPACKING pc=0x00000000029c582a sp=0x000000000277ea88 mode 2


Dynamic libraries:
0x00007ff618500000 - 0x00007ff618537000 	C:\Program Files\Java\jdk1.8.0_121\bin\java.exe
0x00007ff917760000 - 0x00007ff91793b000 	C:\WINDOWS\SYSTEM32\ntdll.dll
0x00007ff915650000 - 0x00007ff9156fe000 	C:\WINDOWS\System32\KERNEL32.DLL
0x00007ff913d80000 - 0x00007ff913fc9000 	C:\WINDOWS\System32\KERNELBASE.dll
0x00007ff915290000 - 0x00007ff915331000 	C:\WINDOWS\System32\ADVAPI32.dll
0x00007ff917370000 - 0x00007ff91740d000 	C:\WINDOWS\System32\msvcrt.dll
0x00007ff914f10000 - 0x00007ff914f69000 	C:\WINDOWS\System32\sechost.dll
0x00007ff914f70000 - 0x00007ff915095000 	C:\WINDOWS\System32\RPCRT4.dll
0x00007ff914d30000 - 0x00007ff914e7a000 	C:\WINDOWS\System32\USER32.dll
0x00007ff914ba0000 - 0x00007ff914bbe000 	C:\WINDOWS\System32\win32u.dll
0x00007ff914e80000 - 0x00007ff914ea7000 	C:\WINDOWS\System32\GDI32.dll
0x00007ff914a10000 - 0x00007ff914b98000 	C:\WINDOWS\System32\gdi32full.dll
0x00007ff914c20000 - 0x00007ff914cba000 	C:\WINDOWS\System32\msvcp_win.dll
0x00007ff913c80000 - 0x00007ff913d76000 	C:\WINDOWS\System32\ucrtbase.dll
0x00007ff90cd20000 - 0x00007ff90cf87000 	C:\WINDOWS\WinSxS\amd64_microsoft.windows.common-controls_6595b64144ccf1df_6.0.15063.0_none_108e4f62dfe5d999\COMCTL32.dll
0x00007ff915340000 - 0x00007ff915639000 	C:\WINDOWS\System32\combase.dll
0x00007ff9146d0000 - 0x00007ff91473a000 	C:\WINDOWS\System32\bcryptPrimitives.dll
0x00007ff915250000 - 0x00007ff91527d000 	C:\WINDOWS\System32\IMM32.DLL
0x0000000058b40000 - 0x0000000058c12000 	C:\Program Files\Java\jdk1.8.0_121\jre\bin\msvcr100.dll
0x0000000059780000 - 0x000000005a01b000 	C:\Program Files\Java\jdk1.8.0_121\jre\bin\server\jvm.dll
0x00007ff915640000 - 0x00007ff915648000 	C:\WINDOWS\System32\PSAPI.DLL
0x00007ff9068a0000 - 0x00007ff9068a9000 	C:\WINDOWS\SYSTEM32\WSOCK32.dll
0x00007ff914cc0000 - 0x00007ff914d2c000 	C:\WINDOWS\System32\WS2_32.dll
0x00007ff90dce0000 - 0x00007ff90dd03000 	C:\WINDOWS\SYSTEM32\WINMM.dll
0x00007ff908bc0000 - 0x00007ff908bca000 	C:\WINDOWS\SYSTEM32\VERSION.dll
0x00007ff90dc90000 - 0x00007ff90dcbb000 	C:\WINDOWS\SYSTEM32\WINMMBASE.dll
0x00007ff914740000 - 0x00007ff914789000 	C:\WINDOWS\System32\cfgmgr32.dll
0x000000005c880000 - 0x000000005c88f000 	C:\Program Files\Java\jdk1.8.0_121\jre\bin\verify.dll
0x000000005c850000 - 0x000000005c879000 	C:\Program Files\Java\jdk1.8.0_121\jre\bin\java.dll
0x000000005c830000 - 0x000000005c846000 	C:\Program Files\Java\jdk1.8.0_121\jre\bin\zip.dll
0x00007ff915f20000 - 0x00007ff917357000 	C:\WINDOWS\System32\SHELL32.dll
0x00007ff9176b0000 - 0x00007ff91775a000 	C:\WINDOWS\System32\shcore.dll
0x00007ff913fd0000 - 0x00007ff9146c2000 	C:\WINDOWS\System32\windows.storage.dll
0x00007ff917650000 - 0x00007ff9176a1000 	C:\WINDOWS\System32\shlwapi.dll
0x00007ff913c60000 - 0x00007ff913c71000 	C:\WINDOWS\System32\kernel.appcore.dll
0x00007ff913bf0000 - 0x00007ff913c3c000 	C:\WINDOWS\System32\powrprof.dll
0x00007ff913bd0000 - 0x00007ff913be5000 	C:\WINDOWS\System32\profapi.dll

VM Arguments:
jvm_args: -Djava.awt.headless=true -Xmx1024M -Dfile.encoding=windows-1252 -Duser.country=US -Duser.language=en -Duser.variant 
java_command: com.android.dx.command.Main --dex --num-threads=4 --output C:\Users\Nagasudhir\AndroidStudioProjects\DebtonatorSamples\app\build\intermediates\pre-dexed\debug\com.android.support-support-media-compat-25.1.1_059d7e0c920bb29238f9b936bb512a757e6d88cd.jar C:\Users\Nagasudhir\AndroidStudioProjects\DebtonatorSamples\app\build\intermediates\exploded-aar\com.android.support\support-media-compat\25.1.1\jars\classes.jar
java_class_path (initial): C:\Users\Nagasudhir\AppData\Local\Android\sdk\build-tools\25.0.2\lib\dx.jar
Launcher Type: SUN_STANDARD

Environment Variables:
PATH=C:\oraclexe\app\oracle\product\11.2.0\server\bin;;C:\Program Files\Java\jdk1.7.0_79\bin\;C:\ProgramData\Oracle\Java\javapath;C:\Program Files (x86)\Intel\iCLS Client\;C:\Program Files\Intel\iCLS Client\;C:\WINDOWS\system32;C:\WINDOWS;C:\WINDOWS\System32\Wbem;C:\WINDOWS\System32\WindowsPowerShell\v1.0\;C:\Program Files\Intel\Intel(R) Management Engine Components\DAL;C:\Program Files (x86)\Intel\Intel(R) Management Engine Components\DAL;C:\Program Files\Intel\Intel(R) Management Engine Components\IPT;C:\Program Files (x86)\Intel\Intel(R) Management Engine Components\IPT;C:\WINDOWS\system32\config\systemprofile\.dnx\bin;C:\Program Files\Microsoft DNX\Dnvm\;C:\Program Files\Microsoft\Web Platform Installer\;C:\Program Files\Intel\WiFi\bin\;C:\Program Files\Microsoft SQL Server\Client SDK\ODBC\130\Tools\Binn\;C:\Program Files (x86)\Microsoft SQL Server\130\Tools\Binn\;C:\Program Files\Microsoft SQL Server\130\Tools\Binn\;C:\Program Files\Microsoft SQL Server\130\DTS\Binn\;C:\Program Files\nodejs\;C:\Program Files\Java\jdk1.7.0_79\bin;C:\Users\Nagasudhir\AppData\Roaming\npm;%USERPROFILE%\AppData\Local\Microsoft\WindowsApps;
USERNAME=Nagasudhir
OS=Windows_NT
PROCESSOR_IDENTIFIER=Intel64 Family 6 Model 61 Stepping 4, GenuineIntel



---------------  S Y S T E M  ---------------

OS: Windows 10.0 , 64 bit Build 15063 (10.0.15063.296)

CPU:total 4 (2 cores per cpu, 2 threads per core) family 6 model 61 stepping 4, cmov, cx8, fxsr, mmx, sse, sse2, sse3, ssse3, sse4.1, sse4.2, popcnt, avx, avx2, aes, clmul, erms, 3dnowpref, lzcnt, ht, tsc, tscinvbit, bmi1, bmi2, adx

Memory: 4k page, physical 8296856k(1539588k free), swap 10250648k(7136k free)

vm_info: Java HotSpot(TM) 64-Bit Server VM (25.121-b13) for windows-amd64 JRE (1.8.0_121-b13), built on Dec 12 2016 18:21:36 by "java_re" with MS VC++ 10.0 (VS2010)

time: Sun Jul 02 22:10:04 2017
elapsed time: 4 seconds (0d 0h 0m 4s)

