#
# There is insufficient memory for the Java Runtime Environment to continue.
# Native memory allocation (malloc) failed to allocate 32744 bytes for ChunkPool::allocate
# Possible reasons:
#   The system is out of physical RAM or swap space
#   In 32 bit mode, the process size limit was hit
# Possible solutions:
#   Reduce memory load on the system
#   Increase physical memory or swap space
#   Check if swap backing store is full
#   Use 64 bit Java on a 64 bit OS
#   Decrease Java heap size (-Xmx/-Xms)
#   Decrease number of Java threads
#   Decrease Java thread stack sizes (-Xss)
#   Set larger code cache with -XX:ReservedCodeCacheSize=
# This output file may be truncated or incomplete.
#
#  Out of Memory Error (allocation.cpp:273), pid=18020, tid=0x0000000000002020
#
# JRE version: Java(TM) SE Runtime Environment (8.0_121-b13) (build 1.8.0_121-b13)
# Java VM: Java HotSpot(TM) 64-Bit Server VM (25.121-b13 mixed mode windows-amd64 compressed oops)
# Failed to write core dump. Minidumps are not enabled by default on client versions of Windows
#

---------------  T H R E A D  ---------------

Current thread (0x0000000014b9d000):  JavaThread "C2 CompilerThread0" daemon [_thread_in_native, id=8224, stack(0x00000000161e0000,0x00000000162e0000)]

Stack: [0x00000000161e0000,0x00000000162e0000]
[error occurred during error reporting (printing stack bounds), id 0xc0000005]

Native frames: (J=compiled Java code, j=interpreted, Vv=VM code, C=native code)


Current CompileTask:
C2:   6958  927   !   4       com.android.dx.cf.code.BytecodeArray::parseInstruction (2764 bytes)


---------------  P R O C E S S  ---------------

Java Threads: ( => current thread )
  0x0000000016571000 JavaThread "pool-1-thread-3" [_thread_in_Java, id=8236, stack(0x0000000016de0000,0x0000000016ee0000)]
  0x000000001654e000 JavaThread "pool-2-thread-1" [_thread_blocked, id=18236, stack(0x0000000016be0000,0x0000000016ce0000)]
  0x00000000163ea000 JavaThread "Service Thread" daemon [_thread_blocked, id=6772, stack(0x00000000168e0000,0x00000000169e0000)]
  0x00000000163e8800 JavaThread "C1 CompilerThread2" daemon [_thread_in_native, id=9208, stack(0x00000000167e0000,0x00000000168e0000)]
  0x0000000014ba0800 JavaThread "C2 CompilerThread1" daemon [_thread_in_vm, id=12444, stack(0x00000000162e0000,0x00000000163e0000)]
=>0x0000000014b9d000 JavaThread "C2 CompilerThread0" daemon [_thread_in_native, id=8224, stack(0x00000000161e0000,0x00000000162e0000)]
  0x0000000014b9b000 JavaThread "Attach Listener" daemon [_thread_blocked, id=1216, stack(0x00000000160e0000,0x00000000161e0000)]
  0x0000000014b9a000 JavaThread "Signal Dispatcher" daemon [_thread_blocked, id=12472, stack(0x0000000015fe0000,0x00000000160e0000)]
  0x0000000014b8a800 JavaThread "Finalizer" daemon [_thread_blocked, id=12644, stack(0x0000000015df0000,0x0000000015ef0000)]
  0x00000000024c0000 JavaThread "Reference Handler" daemon [_thread_blocked, id=2116, stack(0x0000000015cf0000,0x0000000015df0000)]
  0x00000000022cd800 JavaThread "main" [_thread_blocked, id=9716, stack(0x00000000022d0000,0x00000000023d0000)]

Other Threads:
  0x0000000014b67800 VMThread [stack: 0x0000000015bf0000,0x0000000015cf0000] [id=3300]
  0x00000000163f3000 WatcherThread [stack: 0x00000000169e0000,0x0000000016ae0000] [id=5452]

VM state:not at safepoint (normal execution)

VM Mutex/Monitor currently owned by a thread: None

Heap:
 PSYoungGen      total 38400K, used 20012K [0x00000000eab00000, 0x00000000ed580000, 0x0000000100000000)
  eden space 33280K, 60% used [0x00000000eab00000,0x00000000ebe8b200,0x00000000ecb80000)
  from space 5120K, 0% used [0x00000000ed080000,0x00000000ed080000,0x00000000ed580000)
  to   space 5120K, 0% used [0x00000000ecb80000,0x00000000ecb80000,0x00000000ed080000)
 ParOldGen       total 87552K, used 0K [0x00000000c0000000, 0x00000000c5580000, 0x00000000eab00000)
  object space 87552K, 0% used [0x00000000c0000000,0x00000000c0000000,0x00000000c5580000)
 Metaspace       used 5754K, capacity 6774K, committed 7040K, reserved 1056768K
  class space    used 598K, capacity 622K, committed 640K, reserved 1048576K

Card table byte_map: [0x0000000011890000,0x0000000011aa0000] byte_map_base: 0x0000000011290000

Marking Bits: (ParMarkBitMap*) 0x0000000059f9b6d0
 Begin Bits: [0x0000000012000000, 0x0000000013000000)
 End Bits:   [0x0000000013000000, 0x0000000014000000)

Polling page: 0x0000000000740000

CodeCache: size=245760Kb used=3817Kb max_used=3817Kb free=241942Kb
 bounds [0x00000000024d0000, 0x0000000002890000, 0x00000000114d0000]
 total_blobs=1198 nmethods=936 adapters=175
 compilation: enabled

Compilation events (10 events):
Event: 6.923 Thread 0x00000000163e8800  934       3       java.util.ArrayList::clear (39 bytes)
Event: 6.923 Thread 0x00000000163e8800 nmethod 934 0x0000000002883610 code [0x0000000002883780, 0x0000000002883af0]
Event: 6.924 Thread 0x00000000163e8800  935       3       com.android.dx.rop.code.Rop::<init> (137 bytes)
Event: 6.925 Thread 0x00000000163e8800 nmethod 935 0x0000000002883c50 code [0x0000000002883e40, 0x0000000002884698]
Event: 6.925 Thread 0x00000000163e8800  936       3       com.android.dx.rop.code.Rops::ropFor (771 bytes)
Event: 6.930 Thread 0x0000000014ba0800 nmethod 928 0x0000000002887b50 code [0x0000000002887ca0, 0x0000000002888178]
Event: 6.931 Thread 0x00000000163e8800 nmethod 936 0x0000000002888590 code [0x0000000002888e00, 0x000000000288d558]
Event: 6.931 Thread 0x00000000163e8800  937       3       com.android.dx.cf.code.ByteBlockList::labelToBlock (46 bytes)
Event: 6.932 Thread 0x00000000163e8800 nmethod 937 0x00000000028866d0 code [0x0000000002886900, 0x0000000002887648]
Event: 6.932 Thread 0x00000000163e8800  939   !   3       com.android.dx.cf.code.Ropper::processBlock (1101 bytes)

GC Heap History (0 events):
No events

Deoptimization events (10 events):
Event: 2.833 Thread 0x0000000016559000 Uncommon trap: reason=unstable_if action=reinterpret pc=0x00000000026dd398 method=com.android.dx.rop.cst.CstFieldRef.compareTo0(Lcom/android/dx/rop/cst/Constant;)I @ 7
Event: 2.833 Thread 0x0000000016559000 Uncommon trap: reason=unstable_if action=reinterpret pc=0x00000000026d318c method=com.android.dx.rop.cst.CstFieldRef.compareTo0(Lcom/android/dx/rop/cst/Constant;)I @ 7
Event: 2.833 Thread 0x0000000016559000 Uncommon trap: reason=unstable_if action=reinterpret pc=0x00000000026653f8 method=com.android.dx.rop.cst.CstFieldRef.compareTo0(Lcom/android/dx/rop/cst/Constant;)I @ 7
Event: 4.959 Thread 0x00000000022cd800 Uncommon trap: reason=unstable_if action=reinterpret pc=0x0000000002694510 method=java.lang.String.<init>([CII)V @ 18
Event: 5.026 Thread 0x00000000022cd800 Uncommon trap: reason=unloaded action=reinterpret pc=0x00000000027b47c4 method=com.android.dx.cf.cst.ConstantPoolParser.parse0(ILjava/util/BitSet;)Lcom/android/dx/rop/cst/Constant; @ 475
Event: 5.051 Thread 0x00000000165ef800 Uncommon trap: reason=class_check action=maybe_recompile pc=0x00000000027dbfb0 method=com.android.dx.ssa.NormalSsaInsn.accept(Lcom/android/dx/ssa/SsaInsn$Visitor;)V @ 9
Event: 5.060 Thread 0x00000000165ef800 Uncommon trap: reason=class_check action=maybe_recompile pc=0x00000000027dbfc8 method=com.android.dx.ssa.SsaBasicBlock.forEachInsn(Lcom/android/dx/ssa/SsaInsn$Visitor;)V @ 23
Event: 5.060 Thread 0x00000000165ef800 Uncommon trap: reason=class_check action=maybe_recompile pc=0x00000000027dbfc8 method=com.android.dx.ssa.SsaBasicBlock.forEachInsn(Lcom/android/dx/ssa/SsaInsn$Visitor;)V @ 23
Event: 5.060 Thread 0x00000000165ef800 Uncommon trap: reason=class_check action=maybe_recompile pc=0x00000000027dbfc8 method=com.android.dx.ssa.SsaBasicBlock.forEachInsn(Lcom/android/dx/ssa/SsaInsn$Visitor;)V @ 23
Event: 5.061 Thread 0x00000000165ef800 Uncommon trap: reason=class_check action=maybe_recompile pc=0x00000000027dbfc8 method=com.android.dx.ssa.SsaBasicBlock.forEachInsn(Lcom/android/dx/ssa/SsaInsn$Visitor;)V @ 23

Internal exceptions (2 events):
Event: 0.083 Thread 0x00000000022cd800 Exception <a 'java/lang/NoSuchMethodError': Method sun.misc.Unsafe.defineClass(Ljava/lang/String;[BII)Ljava/lang/Class; name or signature does not match> (0x00000000eab07ca8) thrown at [C:\re\workspace\8-2-build-windows-amd64-cygwin\jdk8u121\8372\hotspot\
Event: 0.083 Thread 0x00000000022cd800 Exception <a 'java/lang/NoSuchMethodError': Method sun.misc.Unsafe.prefetchRead(Ljava/lang/Object;J)V name or signature does not match> (0x00000000eab07f90) thrown at [C:\re\workspace\8-2-build-windows-amd64-cygwin\jdk8u121\8372\hotspot\src\share\vm\prims

Events (10 events):
Event: 5.068 loading class com/android/dx/ssa/back/FirstFitLocalCombiningAllocator$Multiset done
Event: 5.133 loading class com/android/dx/cf/attrib/AttEnclosingMethod
Event: 5.133 loading class com/android/dx/cf/attrib/AttEnclosingMethod done
Event: 6.908 loading class java/util/HashMap$KeySet
Event: 6.909 loading class java/util/HashMap$KeySet done
Event: 6.910 loading class java/util/HashMap$KeyIterator
Event: 6.910 loading class java/util/HashMap$KeyIterator done
Event: 6.911 Thread 0x0000000016559000 Thread exited: 0x0000000016559000
Event: 6.911 Thread 0x000000001654d000 Thread exited: 0x000000001654d000
Event: 6.911 Thread 0x00000000165ef800 Thread exited: 0x00000000165ef800


Dynamic libraries:
0x00007ff618500000 - 0x00007ff618537000 	C:\Program Files\Java\jdk1.8.0_121\bin\java.exe
0x00007ff917760000 - 0x00007ff91793b000 	C:\WINDOWS\SYSTEM32\ntdll.dll
0x00007ff915650000 - 0x00007ff9156fe000 	C:\WINDOWS\System32\KERNEL32.DLL
0x00007ff913d80000 - 0x00007ff913fc9000 	C:\WINDOWS\System32\KERNELBASE.dll
0x00007ff915290000 - 0x00007ff915331000 	C:\WINDOWS\System32\ADVAPI32.dll
0x00007ff917370000 - 0x00007ff91740d000 	C:\WINDOWS\System32\msvcrt.dll
0x00007ff914f10000 - 0x00007ff914f69000 	C:\WINDOWS\System32\sechost.dll
0x00007ff914f70000 - 0x00007ff915095000 	C:\WINDOWS\System32\RPCRT4.dll
0x00007ff914d30000 - 0x00007ff914e7a000 	C:\WINDOWS\System32\USER32.dll
0x00007ff914ba0000 - 0x00007ff914bbe000 	C:\WINDOWS\System32\win32u.dll
0x00007ff914e80000 - 0x00007ff914ea7000 	C:\WINDOWS\System32\GDI32.dll
0x00007ff914a10000 - 0x00007ff914b98000 	C:\WINDOWS\System32\gdi32full.dll
0x00007ff914c20000 - 0x00007ff914cba000 	C:\WINDOWS\System32\msvcp_win.dll
0x00007ff913c80000 - 0x00007ff913d76000 	C:\WINDOWS\System32\ucrtbase.dll
0x00007ff90cd20000 - 0x00007ff90cf87000 	C:\WINDOWS\WinSxS\amd64_microsoft.windows.common-controls_6595b64144ccf1df_6.0.15063.0_none_108e4f62dfe5d999\COMCTL32.dll
0x00007ff915340000 - 0x00007ff915639000 	C:\WINDOWS\System32\combase.dll
0x00007ff9146d0000 - 0x00007ff91473a000 	C:\WINDOWS\System32\bcryptPrimitives.dll
0x00007ff915250000 - 0x00007ff91527d000 	C:\WINDOWS\System32\IMM32.DLL
0x0000000058b40000 - 0x0000000058c12000 	C:\Program Files\Java\jdk1.8.0_121\jre\bin\msvcr100.dll
0x0000000059780000 - 0x000000005a01b000 	C:\Program Files\Java\jdk1.8.0_121\jre\bin\server\jvm.dll
0x00007ff915640000 - 0x00007ff915648000 	C:\WINDOWS\System32\PSAPI.DLL
0x00007ff9068a0000 - 0x00007ff9068a9000 	C:\WINDOWS\SYSTEM32\WSOCK32.dll
0x00007ff914cc0000 - 0x00007ff914d2c000 	C:\WINDOWS\System32\WS2_32.dll
0x00007ff90dce0000 - 0x00007ff90dd03000 	C:\WINDOWS\SYSTEM32\WINMM.dll
0x00007ff908bc0000 - 0x00007ff908bca000 	C:\WINDOWS\SYSTEM32\VERSION.dll
0x00007ff90dc90000 - 0x00007ff90dcbb000 	C:\WINDOWS\SYSTEM32\WINMMBASE.dll
0x00007ff914740000 - 0x00007ff914789000 	C:\WINDOWS\System32\cfgmgr32.dll
0x000000005c880000 - 0x000000005c88f000 	C:\Program Files\Java\jdk1.8.0_121\jre\bin\verify.dll
0x000000005c850000 - 0x000000005c879000 	C:\Program Files\Java\jdk1.8.0_121\jre\bin\java.dll
0x000000005c830000 - 0x000000005c846000 	C:\Program Files\Java\jdk1.8.0_121\jre\bin\zip.dll
0x00007ff915f20000 - 0x00007ff917357000 	C:\WINDOWS\System32\SHELL32.dll
0x00007ff9176b0000 - 0x00007ff91775a000 	C:\WINDOWS\System32\shcore.dll
0x00007ff913fd0000 - 0x00007ff9146c2000 	C:\WINDOWS\System32\windows.storage.dll
0x00007ff917650000 - 0x00007ff9176a1000 	C:\WINDOWS\System32\shlwapi.dll
0x00007ff913c60000 - 0x00007ff913c71000 	C:\WINDOWS\System32\kernel.appcore.dll
0x00007ff913bf0000 - 0x00007ff913c3c000 	C:\WINDOWS\System32\powrprof.dll
0x00007ff913bd0000 - 0x00007ff913be5000 	C:\WINDOWS\System32\profapi.dll

VM Arguments:
jvm_args: -Djava.awt.headless=true -Xmx1024M -Dfile.encoding=windows-1252 -Duser.country=US -Duser.language=en -Duser.variant 
java_command: com.android.dx.command.Main --dex --num-threads=4 --output C:\Users\Nagasudhir\AndroidStudioProjects\DebtonatorSamples\app\build\intermediates\pre-dexed\debug\debug_59a83d53df53a17a152262cd79d6f53047f01632.jar C:\Users\Nagasudhir\AndroidStudioProjects\DebtonatorSamples\app\build\intermediates\classes\debug
java_class_path (initial): C:\Users\Nagasudhir\AppData\Local\Android\sdk\build-tools\25.0.2\lib\dx.jar
Launcher Type: SUN_STANDARD

Environment Variables:
PATH=C:\oraclexe\app\oracle\product\11.2.0\server\bin;;C:\Program Files\Java\jdk1.7.0_79\bin\;C:\ProgramData\Oracle\Java\javapath;C:\Program Files (x86)\Intel\iCLS Client\;C:\Program Files\Intel\iCLS Client\;C:\WINDOWS\system32;C:\WINDOWS;C:\WINDOWS\System32\Wbem;C:\WINDOWS\System32\WindowsPowerShell\v1.0\;C:\Program Files\Intel\Intel(R) Management Engine Components\DAL;C:\Program Files (x86)\Intel\Intel(R) Management Engine Components\DAL;C:\Program Files\Intel\Intel(R) Management Engine Components\IPT;C:\Program Files (x86)\Intel\Intel(R) Management Engine Components\IPT;C:\WINDOWS\system32\config\systemprofile\.dnx\bin;C:\Program Files\Microsoft DNX\Dnvm\;C:\Program Files\Microsoft\Web Platform Installer\;C:\Program Files\Intel\WiFi\bin\;C:\Program Files\Microsoft SQL Server\Client SDK\ODBC\130\Tools\Binn\;C:\Program Files (x86)\Microsoft SQL Server\130\Tools\Binn\;C:\Program Files\Microsoft SQL Server\130\Tools\Binn\;C:\Program Files\Microsoft SQL Server\130\DTS\Binn\;C:\Program Files\nodejs\;C:\Program Files\Java\jdk1.7.0_79\bin;C:\Users\Nagasudhir\AppData\Roaming\npm;%USERPROFILE%\AppData\Local\Microsoft\WindowsApps;
USERNAME=Nagasudhir
OS=Windows_NT
PROCESSOR_IDENTIFIER=Intel64 Family 6 Model 61 Stepping 4, GenuineIntel



---------------  S Y S T E M  ---------------

OS: Windows 10.0 , 64 bit Build 15063 (10.0.15063.296)

CPU:total 4 (2 cores per cpu, 2 threads per core) family 6 model 61 stepping 4, cmov, cx8, fxsr, mmx, sse, sse2, sse3, ssse3, sse4.1, sse4.2, popcnt, avx, avx2, aes, clmul, erms, 3dnowpref, lzcnt, ht, tsc, tscinvbit, bmi1, bmi2, adx

Memory: 4k page, physical 8296856k(1570900k free), swap 10250648k(5144k free)

vm_info: Java HotSpot(TM) 64-Bit Server VM (25.121-b13) for windows-amd64 JRE (1.8.0_121-b13), built on Dec 12 2016 18:21:36 by "java_re" with MS VC++ 10.0 (VS2010)

time: Sun Jul 02 22:10:06 2017
elapsed time: 6 seconds (0d 0h 0m 6s)

