#
# There is insufficient memory for the Java Runtime Environment to continue.
# Native memory allocation (malloc) failed to allocate 139680 bytes for Chunk::new
# Possible reasons:
#   The system is out of physical RAM or swap space
#   In 32 bit mode, the process size limit was hit
# Possible solutions:
#   Reduce memory load on the system
#   Increase physical memory or swap space
#   Check if swap backing store is full
#   Use 64 bit Java on a 64 bit OS
#   Decrease Java heap size (-Xmx/-Xms)
#   Decrease number of Java threads
#   Decrease Java thread stack sizes (-Xss)
#   Set larger code cache with -XX:ReservedCodeCacheSize=
# This output file may be truncated or incomplete.
#
#  Out of Memory Error (allocation.cpp:390), pid=17520, tid=0x00000000000041f4
#
# JRE version: Java(TM) SE Runtime Environment (8.0_121-b13) (build 1.8.0_121-b13)
# Java VM: Java HotSpot(TM) 64-Bit Server VM (25.121-b13 mixed mode windows-amd64 compressed oops)
# Failed to write core dump. Minidumps are not enabled by default on client versions of Windows
#

---------------  T H R E A D  ---------------

Current thread (0x000000001526d800):  JavaThread "C2 CompilerThread0" daemon [_thread_in_native, id=16884, stack(0x00000000168b0000,0x00000000169b0000)]

Stack: [0x00000000168b0000,0x00000000169b0000]
[error occurred during error reporting (printing stack bounds), id 0xc0000005]

Native frames: (J=compiled Java code, j=interpreted, Vv=VM code, C=native code)


Current CompileTask:
C2:   4303 1483       4       com.android.dx.ssa.back.LivenessAnalyzer::run (231 bytes)


---------------  P R O C E S S  ---------------

Java Threads: ( => current thread )
  0x0000000016da5000 JavaThread "pool-1-thread-4" [_thread_blocked, id=7788, stack(0x0000000017db0000,0x0000000017eb0000)]
  0x0000000016da4000 JavaThread "pool-1-thread-3" [_thread_blocked, id=15812, stack(0x0000000017cb0000,0x0000000017db0000)]
  0x0000000016da3800 JavaThread "pool-1-thread-2" [_thread_blocked, id=15004, stack(0x0000000017bb0000,0x0000000017cb0000)]
  0x0000000016d9f000 JavaThread "pool-2-thread-1" [_thread_blocked, id=13040, stack(0x0000000017ab0000,0x0000000017bb0000)]
  0x0000000016d84800 JavaThread "pool-1-thread-1" [_thread_blocked, id=4640, stack(0x00000000179b0000,0x0000000017ab0000)]
  0x0000000016abe000 JavaThread "Service Thread" daemon [_thread_blocked, id=6332, stack(0x0000000016fb0000,0x00000000170b0000)]
  0x0000000016ab8800 JavaThread "C1 CompilerThread2" daemon [_thread_blocked, id=11528, stack(0x0000000016eb0000,0x0000000016fb0000)]
  0x0000000015270800 JavaThread "C2 CompilerThread1" daemon [_thread_in_native, id=7256, stack(0x00000000169b0000,0x0000000016ab0000)]
=>0x000000001526d800 JavaThread "C2 CompilerThread0" daemon [_thread_in_native, id=16884, stack(0x00000000168b0000,0x00000000169b0000)]
  0x000000001526b800 JavaThread "Attach Listener" daemon [_thread_blocked, id=7912, stack(0x00000000167b0000,0x00000000168b0000)]
  0x000000001526a000 JavaThread "Signal Dispatcher" daemon [_thread_blocked, id=10108, stack(0x00000000166b0000,0x00000000167b0000)]
  0x000000001525a800 JavaThread "Finalizer" daemon [_thread_blocked, id=7356, stack(0x00000000164c0000,0x00000000165c0000)]
  0x0000000002b90000 JavaThread "Reference Handler" daemon [_thread_blocked, id=10952, stack(0x00000000163c0000,0x00000000164c0000)]
  0x000000000299d800 JavaThread "main" [_thread_blocked, id=16620, stack(0x00000000029a0000,0x0000000002aa0000)]

Other Threads:
  0x0000000015237800 VMThread [stack: 0x00000000162c0000,0x00000000163c0000] [id=10832]
  0x0000000016ac1800 WatcherThread [stack: 0x00000000170b0000,0x00000000171b0000] [id=6244]

VM state:at safepoint (normal execution)

VM Mutex/Monitor currently owned by a thread:  ([mutex/lock_event])
[0x000000000299c840] Threads_lock - owner thread: 0x0000000015237800
[0x000000000299c540] Heap_lock - owner thread: 0x0000000016da5000

Heap:
 PSYoungGen      total 38400K, used 38393K [0x00000000eab00000, 0x00000000ed580000, 0x0000000100000000)
  eden space 33280K, 100% used [0x00000000eab00000,0x00000000ecb80000,0x00000000ecb80000)
  from space 5120K, 99% used [0x00000000ecb80000,0x00000000ed07e750,0x00000000ed080000)
  to   space 5120K, 99% used [0x00000000ed080000,0x00000000ed579c80,0x00000000ed580000)
 ParOldGen       total 87552K, used 1226K [0x00000000c0000000, 0x00000000c5580000, 0x00000000eab00000)
  object space 87552K, 1% used [0x00000000c0000000,0x00000000c0132a58,0x00000000c5580000)
 Metaspace       used 6220K, capacity 7096K, committed 7296K, reserved 1056768K
  class space    used 610K, capacity 624K, committed 640K, reserved 1048576K

Card table byte_map: [0x0000000011f60000,0x0000000012170000] byte_map_base: 0x0000000011960000

Marking Bits: (ParMarkBitMap*) 0x0000000059f9b6d0
 Begin Bits: [0x00000000126d0000, 0x00000000136d0000)
 End Bits:   [0x00000000136d0000, 0x00000000146d0000)

Polling page: 0x00000000028f0000

CodeCache: size=245760Kb used=6389Kb max_used=6389Kb free=239370Kb
 bounds [0x0000000002ba0000, 0x00000000031f0000, 0x0000000011ba0000]
 total_blobs=1771 nmethods=1508 adapters=176
 compilation: enabled

Compilation events (10 events):
Event: 3.909 Thread 0x0000000016ab8800 1513       3       com.android.dx.dex.file.ValueEncoder::addContents (75 bytes)
Event: 3.911 Thread 0x0000000016ab8800 nmethod 1513 0x00000000031db410 code [0x00000000031db6c0, 0x00000000031dcd18]
Event: 3.912 Thread 0x0000000016ab8800 1515       3       java.lang.String::<init> (15 bytes)
Event: 3.913 Thread 0x0000000016ab8800 nmethod 1515 0x00000000031dd990 code [0x00000000031ddb20, 0x00000000031ddf08]
Event: 3.913 Thread 0x0000000016ab8800 1516       3       com.android.dx.cf.code.OneLocalsArray::makeInitialized (55 bytes)
Event: 3.913 Thread 0x0000000016ab8800 nmethod 1516 0x00000000031de0d0 code [0x00000000031de280, 0x00000000031de938]
Event: 3.920 Thread 0x0000000016ab8800 1517       3       com.android.dx.rop.code.Insn::contentEquals (84 bytes)
Event: 3.921 Thread 0x0000000016ab8800 nmethod 1517 0x00000000031dec50 code [0x00000000031dee40, 0x00000000031dfa78]
Event: 3.924 Thread 0x0000000016ab8800 1518       3       java.util.HashMap$HashIterator::nextNode (100 bytes)
Event: 3.925 Thread 0x0000000016ab8800 nmethod 1518 0x00000000031dfcd0 code [0x00000000031dfe80, 0x00000000031e0358]

GC Heap History (2 events):
Event: 3.022 GC heap before
{Heap before GC invocations=1 (full 0):
 PSYoungGen      total 38400K, used 33280K [0x00000000eab00000, 0x00000000ed580000, 0x0000000100000000)
  eden space 33280K, 100% used [0x00000000eab00000,0x00000000ecb80000,0x00000000ecb80000)
  from space 5120K, 0% used [0x00000000ed080000,0x00000000ed080000,0x00000000ed580000)
  to   space 5120K, 0% used [0x00000000ecb80000,0x00000000ecb80000,0x00000000ed080000)
 ParOldGen       total 87552K, used 0K [0x00000000c0000000, 0x00000000c5580000, 0x00000000eab00000)
  object space 87552K, 0% used [0x00000000c0000000,0x00000000c0000000,0x00000000c5580000)
 Metaspace       used 5928K, capacity 6838K, committed 7040K, reserved 1056768K
  class space    used 607K, capacity 622K, committed 640K, reserved 1048576K
Event: 3.031 GC heap after
Heap after GC invocations=1 (full 0):
 PSYoungGen      total 38400K, used 5113K [0x00000000eab00000, 0x00000000ed580000, 0x0000000100000000)
  eden space 33280K, 0% used [0x00000000eab00000,0x00000000eab00000,0x00000000ecb80000)
  from space 5120K, 99% used [0x00000000ecb80000,0x00000000ed07e750,0x00000000ed080000)
  to   space 5120K, 0% used [0x00000000ed080000,0x00000000ed080000,0x00000000ed580000)
 ParOldGen       total 87552K, used 86K [0x00000000c0000000, 0x00000000c5580000, 0x00000000eab00000)
  object space 87552K, 0% used [0x00000000c0000000,0x00000000c0015a30,0x00000000c5580000)
 Metaspace       used 5928K, capacity 6838K, committed 7040K, reserved 1056768K
  class space    used 607K, capacity 622K, committed 640K, reserved 1048576K
}

Deoptimization events (10 events):
Event: 2.907 Thread 0x000000000299d800 Uncommon trap: reason=class_check action=maybe_recompile pc=0x0000000002e98edc method=com.android.dx.rop.type.Type.equals(Ljava/lang/Object;)Z @ 8
Event: 2.907 Thread 0x000000000299d800 Uncommon trap: reason=class_check action=maybe_recompile pc=0x0000000002e98edc method=com.android.dx.rop.type.Type.equals(Ljava/lang/Object;)Z @ 8
Event: 2.908 Thread 0x000000000299d800 Uncommon trap: reason=class_check action=maybe_recompile pc=0x0000000002e98f00 method=com.android.dx.rop.type.Type.equals(Ljava/lang/Object;)Z @ 8
Event: 2.909 Thread 0x000000000299d800 Uncommon trap: reason=class_check action=maybe_recompile pc=0x0000000002e7fd68 method=com.android.dx.rop.type.Type.equals(Ljava/lang/Object;)Z @ 8
Event: 2.917 Thread 0x000000000299d800 Uncommon trap: reason=class_check action=maybe_recompile pc=0x0000000002e7f3e8 method=com.android.dx.rop.type.Type.equals(Ljava/lang/Object;)Z @ 8
Event: 2.931 Thread 0x000000000299d800 Uncommon trap: reason=unstable_if action=reinterpret pc=0x0000000002dcf6b0 method=java.util.BitSet.nextSetBit(I)I @ 87
Event: 2.933 Thread 0x0000000016d84800 Uncommon trap: reason=unstable_if action=reinterpret pc=0x0000000002f013ac method=java.util.BitSet.nextSetBit(I)I @ 87
Event: 2.933 Thread 0x000000000299d800 Uncommon trap: reason=class_check action=maybe_recompile pc=0x0000000002e9e910 method=com.android.dx.rop.type.Type.equals(Ljava/lang/Object;)Z @ 8
Event: 2.939 Thread 0x000000000299d800 Uncommon trap: reason=unstable_if action=reinterpret pc=0x0000000002e8175c method=com.android.dx.rop.cst.Constant.compareTo(Lcom/android/dx/rop/cst/Constant;)I @ 12
Event: 3.862 Thread 0x0000000016d84800 Uncommon trap: reason=unstable_if action=reinterpret pc=0x000000000313f328 method=com.android.dx.cf.code.BytecodeArray.parseInstruction(ILcom/android/dx/cf/code/BytecodeArray$Visitor;)I @ 1198

Internal exceptions (2 events):
Event: 0.057 Thread 0x000000000299d800 Exception <a 'java/lang/NoSuchMethodError': Method sun.misc.Unsafe.defineClass(Ljava/lang/String;[BII)Ljava/lang/Class; name or signature does not match> (0x00000000eab07ca8) thrown at [C:\re\workspace\8-2-build-windows-amd64-cygwin\jdk8u121\8372\hotspot\
Event: 0.057 Thread 0x000000000299d800 Exception <a 'java/lang/NoSuchMethodError': Method sun.misc.Unsafe.prefetchRead(Ljava/lang/Object;J)V name or signature does not match> (0x00000000eab07f90) thrown at [C:\re\workspace\8-2-build-windows-amd64-cygwin\jdk8u121\8372\hotspot\src\share\vm\prims

Events (10 events):
Event: 3.438 loading class java/util/TreeMap$EntrySet done
Event: 3.438 loading class java/util/TreeMap$EntryIterator
Event: 3.438 loading class java/util/TreeMap$EntryIterator done
Event: 3.438 Executing VM operation: Deoptimize
Event: 3.439 Executing VM operation: Deoptimize done
Event: 3.862 Thread 0x0000000016d84800 Uncommon trap: trap_request=0xffffff65 fr.pc=0x000000000313f328
Event: 3.862 Thread 0x0000000016d84800 DEOPT PACKING pc=0x000000000313f328 sp=0x0000000017aae8d0
Event: 3.862 Thread 0x0000000016d84800 DEOPT UNPACKING pc=0x0000000002be582a sp=0x0000000017aae868 mode 2
Event: 3.935 Executing VM operation: ForceSafepoint
Event: 4.225 Executing VM operation: ForceSafepoint done


Dynamic libraries:
0x00007ff618500000 - 0x00007ff618537000 	C:\Program Files\Java\jdk1.8.0_121\bin\java.exe
0x00007ff917760000 - 0x00007ff91793b000 	C:\WINDOWS\SYSTEM32\ntdll.dll
0x00007ff915650000 - 0x00007ff9156fe000 	C:\WINDOWS\System32\KERNEL32.DLL
0x00007ff913d80000 - 0x00007ff913fc9000 	C:\WINDOWS\System32\KERNELBASE.dll
0x00007ff915290000 - 0x00007ff915331000 	C:\WINDOWS\System32\ADVAPI32.dll
0x00007ff917370000 - 0x00007ff91740d000 	C:\WINDOWS\System32\msvcrt.dll
0x00007ff914f10000 - 0x00007ff914f69000 	C:\WINDOWS\System32\sechost.dll
0x00007ff914f70000 - 0x00007ff915095000 	C:\WINDOWS\System32\RPCRT4.dll
0x00007ff914d30000 - 0x00007ff914e7a000 	C:\WINDOWS\System32\USER32.dll
0x00007ff914ba0000 - 0x00007ff914bbe000 	C:\WINDOWS\System32\win32u.dll
0x00007ff914e80000 - 0x00007ff914ea7000 	C:\WINDOWS\System32\GDI32.dll
0x00007ff914a10000 - 0x00007ff914b98000 	C:\WINDOWS\System32\gdi32full.dll
0x00007ff914c20000 - 0x00007ff914cba000 	C:\WINDOWS\System32\msvcp_win.dll
0x00007ff913c80000 - 0x00007ff913d76000 	C:\WINDOWS\System32\ucrtbase.dll
0x00007ff90cd20000 - 0x00007ff90cf87000 	C:\WINDOWS\WinSxS\amd64_microsoft.windows.common-controls_6595b64144ccf1df_6.0.15063.0_none_108e4f62dfe5d999\COMCTL32.dll
0x00007ff915340000 - 0x00007ff915639000 	C:\WINDOWS\System32\combase.dll
0x00007ff9146d0000 - 0x00007ff91473a000 	C:\WINDOWS\System32\bcryptPrimitives.dll
0x00007ff915250000 - 0x00007ff91527d000 	C:\WINDOWS\System32\IMM32.DLL
0x0000000058b40000 - 0x0000000058c12000 	C:\Program Files\Java\jdk1.8.0_121\jre\bin\msvcr100.dll
0x0000000059780000 - 0x000000005a01b000 	C:\Program Files\Java\jdk1.8.0_121\jre\bin\server\jvm.dll
0x00007ff915640000 - 0x00007ff915648000 	C:\WINDOWS\System32\PSAPI.DLL
0x00007ff9068a0000 - 0x00007ff9068a9000 	C:\WINDOWS\SYSTEM32\WSOCK32.dll
0x00007ff914cc0000 - 0x00007ff914d2c000 	C:\WINDOWS\System32\WS2_32.dll
0x00007ff90dce0000 - 0x00007ff90dd03000 	C:\WINDOWS\SYSTEM32\WINMM.dll
0x00007ff908bc0000 - 0x00007ff908bca000 	C:\WINDOWS\SYSTEM32\VERSION.dll
0x00007ff90dc90000 - 0x00007ff90dcbb000 	C:\WINDOWS\SYSTEM32\WINMMBASE.dll
0x00007ff914740000 - 0x00007ff914789000 	C:\WINDOWS\System32\cfgmgr32.dll
0x000000005c880000 - 0x000000005c88f000 	C:\Program Files\Java\jdk1.8.0_121\jre\bin\verify.dll
0x000000005c850000 - 0x000000005c879000 	C:\Program Files\Java\jdk1.8.0_121\jre\bin\java.dll
0x000000005c830000 - 0x000000005c846000 	C:\Program Files\Java\jdk1.8.0_121\jre\bin\zip.dll
0x00007ff915f20000 - 0x00007ff917357000 	C:\WINDOWS\System32\SHELL32.dll
0x00007ff9176b0000 - 0x00007ff91775a000 	C:\WINDOWS\System32\shcore.dll
0x00007ff913fd0000 - 0x00007ff9146c2000 	C:\WINDOWS\System32\windows.storage.dll
0x00007ff917650000 - 0x00007ff9176a1000 	C:\WINDOWS\System32\shlwapi.dll
0x00007ff913c60000 - 0x00007ff913c71000 	C:\WINDOWS\System32\kernel.appcore.dll
0x00007ff913bf0000 - 0x00007ff913c3c000 	C:\WINDOWS\System32\powrprof.dll
0x00007ff913bd0000 - 0x00007ff913be5000 	C:\WINDOWS\System32\profapi.dll

VM Arguments:
jvm_args: -Djava.awt.headless=true -Xmx1024M -Dfile.encoding=windows-1252 -Duser.country=US -Duser.language=en -Duser.variant 
java_command: com.android.dx.command.Main --dex --num-threads=4 --output C:\Users\Nagasudhir\AndroidStudioProjects\DebtonatorSamples\app\build\intermediates\pre-dexed\debug\com.android.support-support-compat-25.1.1_73c33f1de4b6192eba078f30a48be848e7fa97fd.jar C:\Users\Nagasudhir\AndroidStudioProjects\DebtonatorSamples\app\build\intermediates\exploded-aar\com.android.support\support-compat\25.1.1\jars\classes.jar
java_class_path (initial): C:\Users\Nagasudhir\AppData\Local\Android\sdk\build-tools\25.0.2\lib\dx.jar
Launcher Type: SUN_STANDARD

Environment Variables:
PATH=C:\oraclexe\app\oracle\product\11.2.0\server\bin;;C:\Program Files\Java\jdk1.7.0_79\bin\;C:\ProgramData\Oracle\Java\javapath;C:\Program Files (x86)\Intel\iCLS Client\;C:\Program Files\Intel\iCLS Client\;C:\WINDOWS\system32;C:\WINDOWS;C:\WINDOWS\System32\Wbem;C:\WINDOWS\System32\WindowsPowerShell\v1.0\;C:\Program Files\Intel\Intel(R) Management Engine Components\DAL;C:\Program Files (x86)\Intel\Intel(R) Management Engine Components\DAL;C:\Program Files\Intel\Intel(R) Management Engine Components\IPT;C:\Program Files (x86)\Intel\Intel(R) Management Engine Components\IPT;C:\WINDOWS\system32\config\systemprofile\.dnx\bin;C:\Program Files\Microsoft DNX\Dnvm\;C:\Program Files\Microsoft\Web Platform Installer\;C:\Program Files\Intel\WiFi\bin\;C:\Program Files\Microsoft SQL Server\Client SDK\ODBC\130\Tools\Binn\;C:\Program Files (x86)\Microsoft SQL Server\130\Tools\Binn\;C:\Program Files\Microsoft SQL Server\130\Tools\Binn\;C:\Program Files\Microsoft SQL Server\130\DTS\Binn\;C:\Program Files\nodejs\;C:\Program Files\Java\jdk1.7.0_79\bin;C:\Users\Nagasudhir\AppData\Roaming\npm;%USERPROFILE%\AppData\Local\Microsoft\WindowsApps;
USERNAME=Nagasudhir
OS=Windows_NT
PROCESSOR_IDENTIFIER=Intel64 Family 6 Model 61 Stepping 4, GenuineIntel



---------------  S Y S T E M  ---------------

OS: Windows 10.0 , 64 bit Build 15063 (10.0.15063.296)

CPU:total 4 (2 cores per cpu, 2 threads per core) family 6 model 61 stepping 4, cmov, cx8, fxsr, mmx, sse, sse2, sse3, ssse3, sse4.1, sse4.2, popcnt, avx, avx2, aes, clmul, erms, 3dnowpref, lzcnt, ht, tsc, tscinvbit, bmi1, bmi2, adx

Memory: 4k page, physical 8296856k(1541584k free), swap 10250648k(8092k free)

vm_info: Java HotSpot(TM) 64-Bit Server VM (25.121-b13) for windows-amd64 JRE (1.8.0_121-b13), built on Dec 12 2016 18:21:36 by "java_re" with MS VC++ 10.0 (VS2010)

time: Sun Jul 02 22:10:04 2017
elapsed time: 4 seconds (0d 0h 0m 4s)

